<?xml version="1.0" encoding="UTF-8"?>
<testng-results skipped="0" failed="0" ignored="0" total="1" passed="1">
  <reporter-output>
    <line>
      <![CDATA[Life is Beautiful]]>
    </line>
  </reporter-output>
  <suite name="Default suite" duration-ms="38" started-at="2019-10-31T14:34:26 IST" finished-at="2019-10-31T14:34:26 IST">
    <groups>
    </groups>
    <test name="Default test" duration-ms="38" started-at="2019-10-31T14:34:26 IST" finished-at="2019-10-31T14:34:26 IST">
      <class name="example.demo.E1">
        <test-method status="PASS" signature="display()[pri:0, instance:example.demo.E1@3327bd23]" name="display" duration-ms="7" started-at="2019-10-31T14:34:26 IST" finished-at="2019-10-31T14:34:26 IST">
          <reporter-output>
            <line>
              <![CDATA[Life is Beautiful]]>
            </line>
          </reporter-output>
        </test-method> <!-- display -->
      </class> <!-- example.demo.E1 -->
    </test> <!-- Default test -->
  </suite> <!-- Default suite -->
</testng-results>
